[0.034s] Invoking command in '/home/usuario/Documentos/GitHub/IR2117/tb3_ws/build/olympic': CMAKE_PREFIX_PATH=/opt/ros/foxy /usr/bin/cmake --build /home/usuario/Documentos/GitHub/IR2117/tb3_ws/build/olympic -- -j6 -l6
[0.074s] [ 25%] [32mBuilding CXX object CMakeFiles/parallel.dir/src/parallel.cpp.o[0m
[0.084s] [ 50%] [32mBuilding CXX object CMakeFiles/rings.dir/src/rings.cpp.o[0m
[1.061s] [01m[K/home/usuario/Documentos/GitHub/IR2117/tb3_ws/src/olympic/src/parallel.cpp:[m[K In function â€˜[01m[Kint main(int, char**)[m[Kâ€™:
[1.061s] [01m[K/home/usuario/Documentos/GitHub/IR2117/tb3_ws/src/olympic/src/parallel.cpp:53:9:[m[K [01;31m[Kerror: [m[Kexpected â€˜[01m[K,[m[Kâ€™ or â€˜[01m[K;[m[Kâ€™ before â€˜[01m[Kstd[m[Kâ€™
[1.061s]    53 |         [01;31m[Kstd[m[K::vector<std::vector<int>> colors = {
[1.061s]       |         [01;31m[K^~~[m[K
[1.067s] [01m[K/home/usuario/Documentos/GitHub/IR2117/tb3_ws/src/olympic/src/parallel.cpp:72:13:[m[K [01;31m[Kerror: [m[Kâ€˜[01m[Krequest[m[Kâ€™ was not declared in this scope
[1.067s]    72 |             [01;31m[Krequest[m[K->x = pos[l][0];
[1.067s]       |             [01;31m[K^~~~~~~[m[K
[1.068s] [01m[K/home/usuario/Documentos/GitHub/IR2117/tb3_ws/src/olympic/src/parallel.cpp:76:33:[m[K [01;31m[Kerror: [m[Kâ€˜[01m[Kclient[m[Kâ€™ was not declared in this scope
[1.068s]    76 |             auto spawn_future = [01;31m[Kclient[m[K->async_send_request(spawn_request);
[1.068s]       |                                 [01;31m[K^~~~~~[m[K
[1.072s] [01m[K/home/usuario/Documentos/GitHub/IR2117/tb3_ws/src/olympic/src/parallel.cpp:79:30:[m[K [01;31m[Kerror: [m[Kâ€˜[01m[Kcolors[m[Kâ€™ was not declared in this scope
[1.072s]    79 |          setpen_request->r = [01;31m[Kcolors[m[K[l][0];
[1.072s]       |                              [01;31m[K^~~~~~[m[K
[1.073s] [01m[K/home/usuario/Documentos/GitHub/IR2117/tb3_ws/src/olympic/src/parallel.cpp:84:13:[m[K [01;31m[Kerror: [m[Kâ€˜[01m[Kset_pen_request[m[Kâ€™ was not declared in this scope; did you mean â€˜[01m[Ksetpen_request[m[Kâ€™?
[1.073s]    84 |             [01;31m[Kset_pen_request[m[K->turtle_name = names[l];
[1.073s]       |             [01;31m[K^~~~~~~~~~~~~~~[m[K
[1.073s]       |             [32m[Ksetpen_request[m[K
[2.024s] make[2]: *** [CMakeFiles/parallel.dir/build.make:63: CMakeFiles/parallel.dir/src/parallel.cpp.o] Error 1
[2.025s] make[1]: *** [CMakeFiles/Makefile2:80: CMakeFiles/parallel.dir/all] Error 2
[2.025s] make[1]: *** Se espera a que terminen otras tareas....
[3.101s] [ 75%] [32m[1mLinking CXX executable rings[0m
[3.451s] [ 75%] Built target rings
[3.452s] make: *** [Makefile:141: all] Error 2
[3.453s] Invoked command in '/home/usuario/Documentos/GitHub/IR2117/tb3_ws/build/olympic' returned '2': CMAKE_PREFIX_PATH=/opt/ros/foxy /usr/bin/cmake --build /home/usuario/Documentos/GitHub/IR2117/tb3_ws/build/olympic -- -j6 -l6
