In file included from [01m[K/opt/ros/foxy/include/rclcpp/client.hpp:40[m[K,
                 from [01m[K/opt/ros/foxy/include/rclcpp/callback_group.hpp:23[m[K,
                 from [01m[K/opt/ros/foxy/include/rclcpp/any_executable.hpp:20[m[K,
                 from [01m[K/opt/ros/foxy/include/rclcpp/memory_strategy.hpp:24[m[K,
                 from [01m[K/opt/ros/foxy/include/rclcpp/memory_strategies.hpp:18[m[K,
                 from [01m[K/opt/ros/foxy/include/rclcpp/executor_options.hpp:20[m[K,
                 from [01m[K/opt/ros/foxy/include/rclcpp/executor.hpp:33[m[K,
                 from [01m[K/opt/ros/foxy/include/rclcpp/executors/multi_threaded_executor.hpp:26[m[K,
                 from [01m[K/opt/ros/foxy/include/rclcpp/executors.hpp:21[m[K,
                 from [01m[K/opt/ros/foxy/include/rclcpp/rclcpp.hpp:146[m[K,
                 from [01m[K/home/usuario/Documentos/GitHub/IR2117/tb3_ws/src/olympic/src/rings_action_server.cpp:4[m[K:
[01m[K/home/usuario/Documentos/GitHub/IR2117/tb3_ws/src/olympic/src/rings_action_server.cpp:[m[K In function â€˜[01m[Krclcpp_action::GoalResponse handle_goal(const GoalUUID&, std::shared_ptr<const olympic_interfaces::action::Rings_Goal_<std::allocator<void> > >)[m[Kâ€™:
[01m[K/home/usuario/Documentos/GitHub/IR2117/tb3_ws/src/olympic/src/rings_action_server.cpp:24:45:[m[K [01;31m[Kerror: [m[Kâ€˜[01m[Kusing element_type = const struct olympic_interfaces::action::Rings_Goal_<std::allocator<void> >[m[Kâ€™ {aka â€˜[01m[Kconst struct olympic_interfaces::action::Rings_Goal_<std::allocator<void> >[m[Kâ€™} has no member named â€˜[01m[Korder[m[Kâ€™
   24 |     "Got goal request with order %d", goal->[01;31m[Korder[m[K);
      |                                             [01;31m[K^~~~~[m[K
[01m[K/home/usuario/Documentos/GitHub/IR2117/tb3_ws/src/olympic/src/rings_action_server.cpp:[m[K In function â€˜[01m[Kvoid execute(std::shared_ptr<rclcpp_action::ServerGoalHandle<olympic_interfaces::action::Rings> >)[m[Kâ€™:
[01m[K/home/usuario/Documentos/GitHub/IR2117/tb3_ws/src/olympic/src/rings_action_server.cpp:57:3:[m[K [01;31m[Kerror: [m[Kexpected â€˜[01m[K,[m[Kâ€™ or â€˜[01m[K;[m[Kâ€™ before â€˜[01m[Kauto[m[Kâ€™
   57 |   [01;31m[Kauto[m[K move = node->create_publisher<geometry_msgs::msg::Twist>("/turtle1/cmd_vel", 10);
      |   [01;31m[K^~~~[m[K
[01m[K/home/usuario/Documentos/GitHub/IR2117/tb3_ws/src/olympic/src/rings_action_server.cpp:60:20:[m[K [01;31m[Kerror: [m[Kconflicting declaration â€˜[01m[Krclcpp::WallRate loop_rate[m[Kâ€™
   60 |   rclcpp::WallRate [01;31m[Kloop_rate[m[K(10ms);
      |                    [01;31m[K^~~~~~~~~[m[K
[01m[K/home/usuario/Documentos/GitHub/IR2117/tb3_ws/src/olympic/src/rings_action_server.cpp:48:16:[m[K [01;36m[Knote: [m[Kprevious declaration as â€˜[01m[Krclcpp::Rate loop_rate[m[Kâ€™
   48 |   rclcpp::Rate [01;36m[Kloop_rate[m[K(1);
      |                [01;36m[K^~~~~~~~~[m[K
[01m[K/home/usuario/Documentos/GitHub/IR2117/tb3_ws/src/olympic/src/rings_action_server.cpp:60:30:[m[K [01;31m[Kerror: [m[Kunable to find numeric literal operator â€˜[01m[Koperator""ms[m[Kâ€™
   60 |   rclcpp::WallRate loop_rate([01;31m[K10ms[m[K);
      |                              [01;31m[K^~~~[m[K
[01m[K/home/usuario/Documentos/GitHub/IR2117/tb3_ws/src/olympic/src/rings_action_server.cpp:78:18:[m[K [01;31m[Kerror: [m[Kâ€˜[01m[KTeleportAbsolute[m[Kâ€™ was not declared in this scope; did you mean â€˜[01m[Kturtlesim::srv::TeleportAbsolute[m[Kâ€™?
   78 |   rclcpp::Client<[01;31m[KTeleportAbsolute[m[K>::SharedPtr teleport =
      |                  [01;31m[K^~~~~~~~~~~~~~~~[m[K
      |                  [32m[Kturtlesim::srv::TeleportAbsolute[m[K
In file included from [01m[K/opt/ros/foxy/include/turtlesim/srv/teleport_absolute.hpp:7[m[K,
                 from [01m[K/home/usuario/Documentos/GitHub/IR2117/tb3_ws/src/olympic/src/rings_action_server.cpp:8[m[K:
[01m[K/opt/ros/foxy/include/turtlesim/srv/detail/teleport_absolute__struct.hpp:271:8:[m[K [01;36m[Knote: [m[Kâ€˜[01m[Kturtlesim::srv::TeleportAbsolute[m[Kâ€™ declared here
  271 | struct [01;36m[KTeleportAbsolute[m[K
      |        [01;36m[K^~~~~~~~~~~~~~~~[m[K
[01m[K/home/usuario/Documentos/GitHub/IR2117/tb3_ws/src/olympic/src/rings_action_server.cpp:78:34:[m[K [01;31m[Kerror: [m[Ktemplate argument 1 is invalid
   78 |   rclcpp::Client<TeleportAbsolute[01;31m[K>[m[K::SharedPtr teleport =
      |                                  [01;31m[K^[m[K
[01m[K/home/usuario/Documentos/GitHub/IR2117/tb3_ws/src/olympic/src/rings_action_server.cpp:78:47:[m[K [01;31m[Kerror: [m[Kexpected initializer before â€˜[01m[Kteleport[m[Kâ€™
   78 |   rclcpp::Client<TeleportAbsolute>::SharedPtr [01;31m[Kteleport[m[K =
      |                                               [01;31m[K^~~~~~~~[m[K
[01m[K/home/usuario/Documentos/GitHub/IR2117/tb3_ws/src/olympic/src/rings_action_server.cpp:80:18:[m[K [01;31m[Kerror: [m[Kâ€˜[01m[KSetPen[m[Kâ€™ was not declared in this scope; did you mean â€˜[01m[Kturtlesim::srv::SetPen[m[Kâ€™?
   80 |   rclcpp::Client<[01;31m[KSetPen[m[K>::SharedPtr setpen =
      |                  [01;31m[K^~~~~~[m[K
      |                  [32m[Kturtlesim::srv::SetPen[m[K
In file included from [01m[K/opt/ros/foxy/include/turtlesim/srv/set_pen.hpp:7[m[K,
                 from [01m[K/home/usuario/Documentos/GitHub/IR2117/tb3_ws/src/olympic/src/rings_action_server.cpp:7[m[K:
[01m[K/opt/ros/foxy/include/turtlesim/srv/detail/set_pen__struct.hpp:299:8:[m[K [01;36m[Knote: [m[Kâ€˜[01m[Kturtlesim::srv::SetPen[m[Kâ€™ declared here
  299 | struct [01;36m[KSetPen[m[K
      |        [01;36m[K^~~~~~[m[K
[01m[K/home/usuario/Documentos/GitHub/IR2117/tb3_ws/src/olympic/src/rings_action_server.cpp:80:24:[m[K [01;31m[Kerror: [m[Ktemplate argument 1 is invalid
   80 |   rclcpp::Client<SetPen[01;31m[K>[m[K::SharedPtr setpen =
      |                        [01;31m[K^[m[K
[01m[K/home/usuario/Documentos/GitHub/IR2117/tb3_ws/src/olympic/src/rings_action_server.cpp:80:37:[m[K [01;31m[Kerror: [m[Kexpected initializer before â€˜[01m[Ksetpen[m[Kâ€™
   80 |   rclcpp::Client<SetPen>::SharedPtr [01;31m[Ksetpen[m[K =
      |                                     [01;31m[K^~~~~~[m[K
[01m[K/home/usuario/Documentos/GitHub/IR2117/tb3_ws/src/olympic/src/rings_action_server.cpp:90:37:[m[K [01;31m[Kerror: [m[Kparse error in template argument list
   90 |          auto setpen_request = std::[01;31m[Kmake_shared<SetPen::Request>[m[K();
      |                                     [01;31m[K^~~~~~~~~~~~~~~~~~~~~~~~~~~~[m[K
[01m[K/home/usuario/Documentos/GitHub/IR2117/tb3_ws/src/olympic/src/rings_action_server.cpp:90:66:[m[K [01;31m[Kerror: [m[Kno matching function for call to â€˜[01m[Kmake_shared<SetPen>()[m[Kâ€™
   90 |          auto setpen_request = std::make_shared<SetPen::Request>([01;31m[K)[m[K;
      |                                                                  [01;31m[K^[m[K
In file included from [01m[K/usr/include/c++/9/memory:81[m[K,
                 from [01m[K/home/usuario/Documentos/GitHub/IR2117/tb3_ws/src/olympic/src/rings_action_server.cpp:2[m[K:
[01m[K/usr/include/c++/9/bits/shared_ptr.h:714:5:[m[K [01;36m[Knote: [m[Kcandidate: â€˜[01m[Ktemplate<class _Tp, class ... _Args> std::shared_ptr<_Tp> std::make_shared(_Args&& ...)[m[Kâ€™
  714 |     [01;36m[Kmake_shared[m[K(_Args&&... __args)
      |     [01;36m[K^~~~~~~~~~~[m[K
[01m[K/usr/include/c++/9/bits/shared_ptr.h:714:5:[m[K [01;36m[Knote: [m[K  template argument deduction/substitution failed:
[01m[K/home/usuario/Documentos/GitHub/IR2117/tb3_ws/src/olympic/src/rings_action_server.cpp:96:31:[m[K [01;31m[Kerror: [m[Kâ€˜[01m[Ksetpen[m[Kâ€™ was not declared in this scope; did you mean â€˜[01m[Ksetenv[m[Kâ€™?
   96 |          auto future_setpen = [01;31m[Ksetpen[m[K->async_send_request(setpen_request);
      |                               [01;31m[K^~~~~~[m[K
      |                               [32m[Ksetenv[m[K
[01m[K/home/usuario/Documentos/GitHub/IR2117/tb3_ws/src/olympic/src/rings_action_server.cpp:98:39:[m[K [01;31m[Kerror: [m[Kparse error in template argument list
   98 |          auto teleport_request = std::[01;31m[Kmake_shared<TeleportAbsolute::Request>[m[K();
      |                                       [01;31m[K^~~~~~~~~~~~~~~~~~~~~~~~~~~~~~~~~~~~~~[m[K
[01m[K/home/usuario/Documentos/GitHub/IR2117/tb3_ws/src/olympic/src/rings_action_server.cpp:98:78:[m[K [01;31m[Kerror: [m[Kno matching function for call to â€˜[01m[Kmake_shared<TeleportAbsolute>()[m[Kâ€™
   98 |          auto teleport_request = std::make_shared<TeleportAbsolute::Request>([01;31m[K)[m[K;
      |                                                                              [01;31m[K^[m[K
In file included from [01m[K/usr/include/c++/9/memory:81[m[K,
                 from [01m[K/home/usuario/Documentos/GitHub/IR2117/tb3_ws/src/olympic/src/rings_action_server.cpp:2[m[K:
[01m[K/usr/include/c++/9/bits/shared_ptr.h:714:5:[m[K [01;36m[Knote: [m[Kcandidate: â€˜[01m[Ktemplate<class _Tp, class ... _Args> std::shared_ptr<_Tp> std::make_shared(_Args&& ...)[m[Kâ€™
  714 |     [01;36m[Kmake_shared[m[K(_Args&&... __args)
      |     [01;36m[K^~~~~~~~~~~[m[K
[01m[K/usr/include/c++/9/bits/shared_ptr.h:714:5:[m[K [01;36m[Knote: [m[K  template argument deduction/substitution failed:
[01m[K/home/usuario/Documentos/GitHub/IR2117/tb3_ws/src/olympic/src/rings_action_server.cpp:109:33:[m[K [01;31m[Kerror: [m[Kâ€˜[01m[Kteleport[m[Kâ€™ was not declared in this scope
  109 |          auto future_teleport = [01;31m[Kteleport[m[K->async_send_request(teleport_request);
      |                                 [01;31m[K^~~~~~~~[m[K
[01m[K/home/usuario/Documentos/GitHub/IR2117/tb3_ws/src/olympic/src/rings_action_server.cpp:117:4:[m[K [01;31m[Kerror: [m[Kâ€˜[01m[Kmove[m[Kâ€™ was not declared in this scope; did you mean â€˜[01m[Kstd::move[m[Kâ€™?
  117 |    [01;31m[Kmove[m[K->publish(message);
      |    [01;31m[K^~~~[m[K
      |    [32m[Kstd::move[m[K
In file included from [01m[K/usr/include/c++/9/memory:62[m[K,
                 from [01m[K/home/usuario/Documentos/GitHub/IR2117/tb3_ws/src/olympic/src/rings_action_server.cpp:2[m[K:
[01m[K/usr/include/c++/9/bits/stl_algobase.h:497:5:[m[K [01;36m[Knote: [m[Kâ€˜[01m[Kstd::move[m[Kâ€™ declared here
  497 |     [01;36m[Kmove[m[K(_II __first, _II __last, _OI __result)
      |     [01;36m[K^~~~[m[K
[01m[K/home/usuario/Documentos/GitHub/IR2117/tb3_ws/src/olympic/src/rings_action_server.cpp:52:10:[m[K [01;35m[Kwarning: [m[Kunused variable â€˜[01m[Kring_number[m[Kâ€™ [[01;35m[K-Wunused-variable[m[K]
   52 |   auto & [01;35m[Kring_number[m[K = feedback->drawing_ring;
      |          [01;35m[K^~~~~~~~~~~[m[K
[01m[K/home/usuario/Documentos/GitHub/IR2117/tb3_ws/src/olympic/src/rings_action_server.cpp:53:10:[m[K [01;35m[Kwarning: [m[Kunused variable â€˜[01m[Kring_angle[m[Kâ€™ [[01;35m[K-Wunused-variable[m[K]
   53 |   auto & [01;35m[Kring_angle[m[K = feedback->ring_angle;
      |          [01;35m[K^~~~~~~~~~[m[K
make[2]: *** [CMakeFiles/rings_action_server.dir/build.make:63: CMakeFiles/rings_action_server.dir/src/rings_action_server.cpp.o] Error 1
make[1]: *** [CMakeFiles/Makefile2:109: CMakeFiles/rings_action_server.dir/all] Error 2
make[1]: *** Se espera a que terminen otras tareas....
make: *** [Makefile:141: all] Error 2
