[0.139s] Invoking command in '/home/usuario/Documentos/GitHub/IR2117/ros2_ws/src/build/examples_topics': CMAKE_PREFIX_PATH=/opt/ros/foxy /usr/bin/cmake --build /home/usuario/Documentos/GitHub/IR2117/ros2_ws/src/build/examples_topics -- -j6 -l6
[0.234s] -- Found ament_cmake: 0.9.11 (/opt/ros/foxy/share/ament_cmake/cmake)
[0.259s] -- Using PYTHON_EXECUTABLE: /usr/bin/python3
[0.450s] -- Found rclcpp: 2.4.2 (/opt/ros/foxy/share/rclcpp/cmake)
[0.473s] -- Using all available rosidl_typesupport_c: rosidl_typesupport_fastrtps_c;rosidl_typesupport_introspection_c
[0.475s] -- Found rosidl_adapter: 1.3.0 (/opt/ros/foxy/share/rosidl_adapter/cmake)
[0.565s] -- Using all available rosidl_typesupport_cpp: rosidl_typesupport_fastrtps_cpp;rosidl_typesupport_introspection_cpp
[0.600s] -- Found rmw_implementation_cmake: 1.0.3 (/opt/ros/foxy/share/rmw_implementation_cmake/cmake)
[0.602s] -- Using RMW implementation 'rmw_fastrtps_cpp' as default
[0.867s] -- Configuring done
[1.245s] -- Generating done
[1.381s] -- Build files have been written to: /home/usuario/Documentos/GitHub/IR2117/ros2_ws/src/build/examples_topics
[1.499s] [35m[1mScanning dependencies of target publisher[0m
[1.501s] [35m[1mScanning dependencies of target subscriber[0m
[1.810s] [ 25%] [32mBuilding CXX object CMakeFiles/publisher.dir/publisher.cpp.o[0m
[1.827s] [ 50%] [32mBuilding CXX object CMakeFiles/subscriber.dir/subscriber.cpp.o[0m
[5.026s] make[2]: *** Se borra el archivo 'CMakeFiles/publisher.dir/publisher.cpp.o'
[5.026s] make[2]: *** [CMakeFiles/publisher.dir/build.make:63: CMakeFiles/publisher.dir/publisher.cpp.o] Interrupci√≥n
[5.026s] make[1]: *** [CMakeFiles/Makefile2:107: CMakeFiles/publisher.dir/all] Interrupci√≥n
[5.027s] make[2]: *** wait: No hay ning√∫n proceso hijo.  Alto.
[5.027s] make[2]: *** Se espera a que terminen otras tareas....
[5.027s] make[2]: *** wait: No hay ning√∫n proceso hijo.  Alto.
[5.029s] make[1]: *** [CMakeFiles/Makefile2:80: CMakeFiles/subscriber.dir/all] Error 2
[5.029s] make: *** [Makefile:141: all] Interrupci√≥n
