[0.020s] Invoking command in '/home/usuario/Documentos/GitHub/IR2117/tb3_ws/build/olympic': CMAKE_PREFIX_PATH=/opt/ros/foxy /usr/bin/cmake --build /home/usuario/Documentos/GitHub/IR2117/tb3_ws/build/olympic -- -j6 -l6
[0.072s] [ 33%] [32mBuilding CXX object CMakeFiles/rings_action_server.dir/src/rings_action_server.cpp.o[0m
[0.072s] [ 33%] [32mBuilding CXX object CMakeFiles/rings_action_client.dir/src/rings_action_client.cpp.o[0m
[0.075s] [ 66%] Built target rings
[1.055s] [01m[K/home/usuario/Documentos/GitHub/IR2117/tb3_ws/src/olympic/src/rings_action_client.cpp:[m[K In function â€˜[01m[Kint main(int, char**)[m[Kâ€™:
[1.055s] [01m[K/home/usuario/Documentos/GitHub/IR2117/tb3_ws/src/olympic/src/rings_action_client.cpp:9:3:[m[K [01;31m[Kerror: [m[Kâ€˜[01m[Kg_node[m[Kâ€™ was not declared in this scope
[1.055s]     9 |   [01;31m[Kg_node[m[K = rclcpp::Node::make_shared("action_client");
[1.055s]       |   [01;31m[K^~~~~~[m[K
[1.056s] [01m[K/home/usuario/Documentos/GitHub/IR2117/tb3_ws/src/olympic/src/rings_action_client.cpp:10:53:[m[K [01;31m[Kerror: [m[Kâ€˜[01m[KRings[m[Kâ€™ was not declared in this scope
[1.057s]    10 |   auto action_client = rclcpp_action::create_client<[01;31m[KRings[m[K>(
[1.057s]       |                                                     [01;31m[K^~~~~[m[K
[1.057s] [01m[K/home/usuario/Documentos/GitHub/IR2117/tb3_ws/src/olympic/src/rings_action_client.cpp:13:46:[m[K [01;31m[Kerror: [m[Kunable to find numeric literal operator â€˜[01m[Koperator""s[m[Kâ€™
[1.057s]    13 |   if (!action_client->wait_for_action_server([01;31m[K20s[m[K)) {
[1.057s]       |                                              [01;31m[K^~~[m[K
[1.057s] In file included from [01m[K/opt/ros/foxy/include/rclcpp/service.hpp:34[m[K,
[1.057s]                  from [01m[K/opt/ros/foxy/include/rclcpp/callback_group.hpp:25[m[K,
[1.057s]                  from [01m[K/opt/ros/foxy/include/rclcpp/any_executable.hpp:20[m[K,
[1.057s]                  from [01m[K/opt/ros/foxy/include/rclcpp/memory_strategy.hpp:24[m[K,
[1.057s]                  from [01m[K/opt/ros/foxy/include/rclcpp/memory_strategies.hpp:18[m[K,
[1.057s]                  from [01m[K/opt/ros/foxy/include/rclcpp/executor_options.hpp:20[m[K,
[1.057s]                  from [01m[K/opt/ros/foxy/include/rclcpp/executor.hpp:33[m[K,
[1.057s]                  from [01m[K/opt/ros/foxy/include/rclcpp/executors/multi_threaded_executor.hpp:26[m[K,
[1.057s]                  from [01m[K/opt/ros/foxy/include/rclcpp/executors.hpp:21[m[K,
[1.057s]                  from [01m[K/opt/ros/foxy/include/rclcpp/rclcpp.hpp:146[m[K,
[1.057s]                  from [01m[K/home/usuario/Documentos/GitHub/IR2117/tb3_ws/src/olympic/src/rings_action_client.cpp:3[m[K:
[1.057s] [01m[K/home/usuario/Documentos/GitHub/IR2117/tb3_ws/src/olympic/src/rings_action_client.cpp:14:5:[m[K [01;31m[Kerror: [m[Ktemplate argument 1 is invalid
[1.058s]    14 |     [01;31m[KRCLCPP_ERROR[m[K(g_node->get_logger(),
[1.058s]       |     [01;31m[K^~~~~~~~~~~~[m[K
[1.058s] [01m[K/home/usuario/Documentos/GitHub/IR2117/tb3_ws/src/olympic/src/rings_action_client.cpp:14:5:[m[K [01;31m[Kerror: [m[Ktemplate argument 1 is invalid
[1.058s]    14 |     [01;31m[KRCLCPP_ERROR[m[K(g_node->get_logger(),
[1.058s]       |     [01;31m[K^~~~~~~~~~~~[m[K
[1.058s] [01m[K/home/usuario/Documentos/GitHub/IR2117/tb3_ws/src/olympic/src/rings_action_client.cpp:14:5:[m[K [01;31m[Kerror: [m[Ktemplate argument 1 is invalid
[1.058s]    14 |     [01;31m[KRCLCPP_ERROR[m[K(g_node->get_logger(),
[1.058s]       |     [01;31m[K^~~~~~~~~~~~[m[K
[1.058s] [01m[K/home/usuario/Documentos/GitHub/IR2117/tb3_ws/src/olympic/src/rings_action_client.cpp:20:3:[m[K [01;31m[Kerror: [m[Ktemplate argument 1 is invalid
[1.058s]    20 |   [01;31m[KRCLCPP_INFO[m[K(g_node->get_logger(),
[1.058s]       |   [01;31m[K^~~~~~~~~~~[m[K
[1.058s] [01m[K/home/usuario/Documentos/GitHub/IR2117/tb3_ws/src/olympic/src/rings_action_client.cpp:20:3:[m[K [01;31m[Kerror: [m[Ktemplate argument 1 is invalid
[1.058s]    20 |   [01;31m[KRCLCPP_INFO[m[K(g_node->get_logger(),
[1.058s]       |   [01;31m[K^~~~~~~~~~~[m[K
[1.058s] [01m[K/home/usuario/Documentos/GitHub/IR2117/tb3_ws/src/olympic/src/rings_action_client.cpp:20:3:[m[K [01;31m[Kerror: [m[Ktemplate argument 1 is invalid
[1.058s]    20 |   [01;31m[KRCLCPP_INFO[m[K(g_node->get_logger(),
[1.058s]       |   [01;31m[K^~~~~~~~~~~[m[K
[1.059s] [01m[K/home/usuario/Documentos/GitHub/IR2117/tb3_ws/src/olympic/src/rings_action_client.cpp:24:41:[m[K [01;31m[Kerror: [m[Kâ€˜[01m[Kfeedback_callback[m[Kâ€™ was not declared in this scope
[1.060s]    24 |   send_goal_options.feedback_callback = [01;31m[Kfeedback_callback[m[K;
[1.060s]       |                                         [01;31m[K^~~~~~~~~~~~~~~~~[m[K
[1.061s] [01m[K/home/usuario/Documentos/GitHub/IR2117/tb3_ws/src/olympic/src/rings_action_client.cpp:26:36:[m[K [01;31m[Kerror: [m[Kâ€˜[01m[Kgoal_msg[m[Kâ€™ was not declared in this scope
[1.061s]    26 |     action_client->async_send_goal([01;31m[Kgoal_msg[m[K, send_goal_options);
[1.061s]       |                                    [01;31m[K^~~~~~~~[m[K
[1.062s] In file included from [01m[K/opt/ros/foxy/include/rclcpp/service.hpp:34[m[K,
[1.062s]                  from [01m[K/opt/ros/foxy/include/rclcpp/callback_group.hpp:25[m[K,
[1.062s]                  from [01m[K/opt/ros/foxy/include/rclcpp/any_executable.hpp:20[m[K,
[1.062s]                  from [01m[K/opt/ros/foxy/include/rclcpp/memory_strategy.hpp:24[m[K,
[1.062s]                  from [01m[K/opt/ros/foxy/include/rclcpp/memory_strategies.hpp:18[m[K,
[1.062s]                  from [01m[K/opt/ros/foxy/include/rclcpp/executor_options.hpp:20[m[K,
[1.062s]                  from [01m[K/opt/ros/foxy/include/rclcpp/executor.hpp:33[m[K,
[1.062s]                  from [01m[K/opt/ros/foxy/include/rclcpp/executors/multi_threaded_executor.hpp:26[m[K,
[1.062s]                  from [01m[K/opt/ros/foxy/include/rclcpp/executors.hpp:21[m[K,
[1.062s]                  from [01m[K/opt/ros/foxy/include/rclcpp/rclcpp.hpp:146[m[K,
[1.062s]                  from [01m[K/home/usuario/Documentos/GitHub/IR2117/tb3_ws/src/olympic/src/rings_action_client.cpp:3[m[K:
[1.062s] [01m[K/home/usuario/Documentos/GitHub/IR2117/tb3_ws/src/olympic/src/rings_action_client.cpp:33:5:[m[K [01;31m[Kerror: [m[Ktemplate argument 1 is invalid
[1.062s]    33 |     [01;31m[KRCLCPP_ERROR[m[K(g_node->get_logger(),
[1.062s]       |     [01;31m[K^~~~~~~~~~~~[m[K
[1.062s] [01m[K/home/usuario/Documentos/GitHub/IR2117/tb3_ws/src/olympic/src/rings_action_client.cpp:33:5:[m[K [01;31m[Kerror: [m[Ktemplate argument 1 is invalid
[1.062s]    33 |     [01;31m[KRCLCPP_ERROR[m[K(g_node->get_logger(),
[1.062s]       |     [01;31m[K^~~~~~~~~~~~[m[K
[1.062s] [01m[K/home/usuario/Documentos/GitHub/IR2117/tb3_ws/src/olympic/src/rings_action_client.cpp:33:5:[m[K [01;31m[Kerror: [m[Ktemplate argument 1 is invalid
[1.062s]    33 |     [01;31m[KRCLCPP_ERROR[m[K(g_node->get_logger(),
[1.062s]       |     [01;31m[K^~~~~~~~~~~~[m[K
[1.071s] [01m[K/home/usuario/Documentos/GitHub/IR2117/tb3_ws/src/olympic/src/rings_action_server.cpp:[m[K In function â€˜[01m[Kint main(int, char**)[m[Kâ€™:
[1.071s] [01m[K/home/usuario/Documentos/GitHub/IR2117/tb3_ws/src/olympic/src/rings_action_server.cpp:12:34:[m[K [01;31m[Kerror: [m[Kâ€˜[01m[KRings[m[Kâ€™ was not declared in this scope
[1.071s]    12 |     rclcpp_action::create_server<[01;31m[KRings[m[K>(node,
[1.071s]       |                                  [01;31m[K^~~~~[m[K
[1.073s] [01m[K/home/usuario/Documentos/GitHub/IR2117/tb3_ws/src/olympic/src/rings_action_server.cpp:14:7:[m[K [01;31m[Kerror: [m[Kâ€˜[01m[Khandle_goal[m[Kâ€™ was not declared in this scope
[1.073s]    14 |       [01;31m[Khandle_goal[m[K,
[1.073s]       |       [01;31m[K^~~~~~~~~~~[m[K
[1.074s] [01m[K/home/usuario/Documentos/GitHub/IR2117/tb3_ws/src/olympic/src/rings_action_server.cpp:15:7:[m[K [01;31m[Kerror: [m[Kâ€˜[01m[Khandle_cancel[m[Kâ€™ was not declared in this scope
[1.074s]    15 |       [01;31m[Khandle_cancel[m[K,
[1.074s]       |       [01;31m[K^~~~~~~~~~~~~[m[K
[1.076s] [01m[K/home/usuario/Documentos/GitHub/IR2117/tb3_ws/src/olympic/src/rings_action_server.cpp:16:7:[m[K [01;31m[Kerror: [m[Kâ€˜[01m[Khandle_accepted[m[Kâ€™ was not declared in this scope
[1.076s]    16 |       [01;31m[Khandle_accepted[m[K);
[1.076s]       |       [01;31m[K^~~~~~~~~~~~~~~[m[K
[1.349s] make[2]: *** [CMakeFiles/rings_action_client.dir/build.make:63: CMakeFiles/rings_action_client.dir/src/rings_action_client.cpp.o] Error 1
[1.349s] make[1]: *** [CMakeFiles/Makefile2:82: CMakeFiles/rings_action_client.dir/all] Error 2
[1.349s] make[1]: *** Se espera a que terminen otras tareas....
[1.369s] make[2]: *** [CMakeFiles/rings_action_server.dir/build.make:63: CMakeFiles/rings_action_server.dir/src/rings_action_server.cpp.o] Error 1
[1.369s] make[1]: *** [CMakeFiles/Makefile2:109: CMakeFiles/rings_action_server.dir/all] Error 2
[1.369s] make: *** [Makefile:141: all] Error 2
[1.371s] Invoked command in '/home/usuario/Documentos/GitHub/IR2117/tb3_ws/build/olympic' returned '2': CMAKE_PREFIX_PATH=/opt/ros/foxy /usr/bin/cmake --build /home/usuario/Documentos/GitHub/IR2117/tb3_ws/build/olympic -- -j6 -l6
