[0.032s] Invoking command in '/home/usuario/Documentos/GitHub/IR2117/ros2_ws/build/cpp_srvcli': CMAKE_PREFIX_PATH=/opt/ros/foxy /usr/bin/cmake --build /home/usuario/Documentos/GitHub/IR2117/ros2_ws/build/cpp_srvcli -- -j6 -l6
[0.063s] [35m[1mScanning dependencies of target rings[0m
[0.078s] [ 66%] Built target client
[0.078s] [ 66%] Built target server
[0.082s] [ 83%] [32mBuilding CXX object CMakeFiles/rings.dir/src/olympic_rings_client.cpp.o[0m
[1.027s] [01m[K/home/usuario/Documentos/GitHub/IR2117/ros2_ws/src/cpp_srvcli/src/olympic_rings_client.cpp:[m[K In function â€˜[01m[Kint main(int, char**)[m[Kâ€™:
[1.027s] [01m[K/home/usuario/Documentos/GitHub/IR2117/ros2_ws/src/cpp_srvcli/src/olympic_rings_client.cpp:15:82:[m[K [01;31m[Kerror: [m[Kno matching function for call to â€˜[01m[Krclcpp::Node::create_publisher<geometry_msgs::msg::Twist>(const char [17])[m[Kâ€™
[1.027s]    15 | reate_publisher<geometry_msgs::msg::Twist>("/turtle1/cmd_vel"[01;31m[K)[m[K;
[1.027s]       |                                                              [01;31m[K^[m[K
[1.027s] 
[1.027s] In file included from [01m[K/opt/ros/foxy/include/rclcpp/executors/single_threaded_executor.hpp:28[m[K,
[1.027s]                  from [01m[K/opt/ros/foxy/include/rclcpp/executors.hpp:22[m[K,
[1.027s]                  from [01m[K/opt/ros/foxy/include/rclcpp/rclcpp.hpp:146[m[K,
[1.027s]                  from [01m[K/home/usuario/Documentos/GitHub/IR2117/ros2_ws/src/cpp_srvcli/src/olympic_rings_client.cpp:1[m[K:
[1.027s] [01m[K/opt/ros/foxy/include/rclcpp/node.hpp:184:3:[m[K [01;36m[Knote: [m[Kcandidate: â€˜[01m[Ktemplate<class MessageT, class AllocatorT, class PublisherT> std::shared_ptr<PublisherT> rclcpp::Node::create_publisher(const string&, const rclcpp::QoS&, const rclcpp::PublisherOptionsWithAllocator<AllocatorT>&)[m[Kâ€™
[1.027s]   184 |   [01;36m[Kcreate_publisher[m[K(
[1.028s]       |   [01;36m[K^~~~~~~~~~~~~~~~[m[K
[1.028s] [01m[K/opt/ros/foxy/include/rclcpp/node.hpp:184:3:[m[K [01;36m[Knote: [m[K  template argument deduction/substitution failed:
[1.028s] [01m[K/home/usuario/Documentos/GitHub/IR2117/ros2_ws/src/cpp_srvcli/src/olympic_rings_client.cpp:15:82:[m[K [01;36m[Knote: [m[K  candidate expects 3 arguments, 1 provided
[1.028s]    15 | reate_publisher<geometry_msgs::msg::Twist>("/turtle1/cmd_vel"[01;36m[K)[m[K;
[1.028s]       |                                                              [01;36m[K^[m[K
[1.028s] 
[1.051s] [01m[K/home/usuario/Documentos/GitHub/IR2117/ros2_ws/src/cpp_srvcli/src/olympic_rings_client.cpp:51:67:[m[K [01;31m[Kerror: [m[Kâ€˜[01m[Kradius[m[Kâ€™ was not declared in this scope
[1.051s]    51 |    std::vector<std::vector<int>> pos = {{2.25,7.75}, {2.25+2*[01;31m[Kradius[m[K+0.5,7.75},{2.25+4*radius+1,7.75},{2.25+radius, 3.25}, {2.25+2*radius,3.25}};
[1.051s]       |                                                              [01;31m[K^~~~~~[m[K
[1.051s] 
[1.051s] [01m[K/home/usuario/Documentos/GitHub/IR2117/ros2_ws/src/cpp_srvcli/src/olympic_rings_client.cpp:51:148:[m[K [01;31m[Kerror: [m[Kcould not convert â€˜[01m[K{{2.25e+0, 7.75e+0}, {<expression error>, 7.75e+0}, {<expression error>, 7.75e+0}, {<expression error>, 3.25e+0}, {<expression error>, 3.25e+0}}[m[Kâ€™ from â€˜[01m[K<brace-enclosed initializer list>[m[Kâ€™ to â€˜[01m[Kstd::vector<std::vector<int> >[m[Kâ€™
[1.051s]    51 | 25+4*radius+1,7.75},{2.25+radius, 3.25}, {2.25+2*radius,3.25}[01;31m[K}[m[K;
[1.051s]       |                                                              [01;31m[K^[m[K
[1.051s]       |                                                              [01;31m[K|[m[K
[1.051s]       |                                                              [01;31m[K<brace-enclosed initializer list>[m[K
[1.051s] 
[1.055s] [01m[K/home/usuario/Documentos/GitHub/IR2117/ros2_ws/src/cpp_srvcli/src/olympic_rings_client.cpp:59:33:[m[K [01;31m[Kerror: [m[Kâ€˜[01m[Kteleport_service[m[Kâ€™ was not declared in this scope
[1.055s]    59 |          auto future_teleport = [01;31m[Kteleport_service[m[K->async_send_request(request);
[1.055s]       |                                 [01;31m[K^~~~~~~~~~~~~~~~[m[K
[1.059s] [01m[K/home/usuario/Documentos/GitHub/IR2117/ros2_ws/src/cpp_srvcli/src/olympic_rings_client.cpp:61:10:[m[K [01;31m[Kerror: [m[Kâ€˜[01m[Kset_pen_request[m[Kâ€™ was not declared in this scope; did you mean â€˜[01m[Ksetpen_request[m[Kâ€™?
[1.059s]    61 |          [01;31m[Kset_pen_request[m[K->r = colors[l][0];
[1.059s]       |          [01;31m[K^~~~~~~~~~~~~~~[m[K
[1.059s]       |          [32m[Ksetpen_request[m[K
[1.060s] [01m[K/home/usuario/Documentos/GitHub/IR2117/ros2_ws/src/cpp_srvcli/src/olympic_rings_client.cpp:77:8:[m[K [01;31m[Kerror: [m[Kconflicting declaration â€˜[01m[Kauto setpen_request[m[Kâ€™
[1.060s]    77 |   auto [01;31m[Ksetpen_request[m[K = std::make_shared<turtlesim::srv::SetPen::Request>();
[1.060s]       |        [01;31m[K^~~~~~~~~~~~~~[m[K
[1.060s] [01m[K/home/usuario/Documentos/GitHub/IR2117/ros2_ws/src/cpp_srvcli/src/olympic_rings_client.cpp:60:15:[m[K [01;36m[Knote: [m[Kprevious declaration as â€˜[01m[Kstd::shared_ptr<turtlesim::srv::SetPen_Request_<std::allocator<void> > > setpen_request[m[Kâ€™
[1.060s]    60 |          auto [01;36m[Ksetpen_request[m[K = std::make_shared<turtlesim::srv::SetPen::Request>();
[1.060s]       |               [01;36m[K^~~~~~~~~~~~~~[m[K
[1.061s] [01m[K/home/usuario/Documentos/GitHub/IR2117/ros2_ws/src/cpp_srvcli/src/olympic_rings_client.cpp:83:31:[m[K [01;31m[Kerror: [m[Kâ€˜[01m[Ksetpen[m[Kâ€™ was not declared in this scope; did you mean â€˜[01m[Ksetenv[m[Kâ€™?
[1.061s]    83 |          auto future_setpen = [01;31m[Ksetpen[m[K->async_send_request(set_pen_request);
[1.062s]       |                               [01;31m[K^~~~~~[m[K
[1.062s]       |                               [32m[Ksetenv[m[K
[1.062s] [01m[K/home/usuario/Documentos/GitHub/IR2117/ros2_ws/src/cpp_srvcli/src/olympic_rings_client.cpp:41:9:[m[K [01;35m[Kwarning: [m[Kunused variable â€˜[01m[Ksquare_length[m[Kâ€™ [[01;35m[K-Wunused-variable[m[K]
[1.062s]    41 |  double [01;35m[Ksquare_length[m[K = node->get_parameter("radius").get_parameter_value().get<double>();
[1.062s]       |         [01;35m[K^~~~~~~~~~~~~[m[K
[1.699s] make[2]: *** [CMakeFiles/rings.dir/build.make:63: CMakeFiles/rings.dir/src/olympic_rings_client.cpp.o] Error 1
[1.700s] make[1]: *** [CMakeFiles/Makefile2:82: CMakeFiles/rings.dir/all] Error 2
[1.700s] make: *** [Makefile:141: all] Error 2
[1.703s] Invoked command in '/home/usuario/Documentos/GitHub/IR2117/ros2_ws/build/cpp_srvcli' returned '2': CMAKE_PREFIX_PATH=/opt/ros/foxy /usr/bin/cmake --build /home/usuario/Documentos/GitHub/IR2117/ros2_ws/build/cpp_srvcli -- -j6 -l6
