[0.047s] Invoking command in '/home/usuario/Documentos/GitHub/IR2117/tb3_ws/build/olympic_interfaces': /usr/bin/cmake --build /home/usuario/Documentos/GitHub/IR2117/tb3_ws/build/olympic_interfaces -- -j6 -l6
[0.140s] -- Found ament_cmake: 0.9.11 (/opt/ros/foxy/share/ament_cmake/cmake)
[0.163s] -- Using PYTHON_EXECUTABLE: /usr/bin/python3
[0.319s] Traceback (most recent call last):
[0.319s]   File "/opt/ros/foxy/share/ament_cmake_core/cmake/package_templates/templates_2_cmake.py", line 21, in <module>
[0.319s]     from ament_package.templates import get_environment_hook_template_path
[0.319s] ModuleNotFoundError: No module named 'ament_package'
[0.345s] CMake Error at /opt/ros/foxy/share/ament_cmake_core/cmake/ament_cmake_package_templates-extras.cmake:41 (message):
[0.345s]   execute_process(/usr/bin/python3
[0.345s]   /opt/ros/foxy/share/ament_cmake_core/cmake/package_templates/templates_2_cmake.py
[0.345s]   /home/usuario/Documentos/GitHub/IR2117/tb3_ws/build/olympic_interfaces/ament_cmake_package_templates/templates.cmake)
[0.345s]   returned error code 1
[0.345s] Call Stack (most recent call first):
[0.345s]   /opt/ros/foxy/share/ament_cmake_core/cmake/ament_cmake_coreConfig.cmake:41 (include)
[0.345s]   /opt/ros/foxy/share/ament_cmake/cmake/ament_cmake_export_dependencies-extras.cmake:15 (find_package)
[0.346s]   /opt/ros/foxy/share/ament_cmake/cmake/ament_cmakeConfig.cmake:41 (include)
[0.346s]   CMakeLists.txt:19 (find_package)
[0.346s] 
[0.346s] 
[0.346s] -- Configuring incomplete, errors occurred!
[0.346s] See also "/home/usuario/Documentos/GitHub/IR2117/tb3_ws/build/olympic_interfaces/CMakeFiles/CMakeOutput.log".
[0.368s] make: *** [Makefile:222: cmake_check_build_system] Error 1
[0.369s] Invoked command in '/home/usuario/Documentos/GitHub/IR2117/tb3_ws/build/olympic_interfaces' returned '2': /usr/bin/cmake --build /home/usuario/Documentos/GitHub/IR2117/tb3_ws/build/olympic_interfaces -- -j6 -l6
