[0.028s] Invoking command in '/home/usuario/Documentos/GitHub/IR2117/ros2_ws/build/examples_sum': CMAKE_PREFIX_PATH=${CMAKE_PREFIX_PATH}:/opt/ros/foxy /usr/bin/cmake --build /home/usuario/Documentos/GitHub/IR2117/ros2_ws/build/examples_sum -- -j6 -l6
[0.064s] [35m[1mScanning dependencies of target sum[0m
[0.081s] [ 50%] [32mBuilding CXX object CMakeFiles/sum.dir/sum.cpp.o[0m
[1.047s] [01m[K/home/usuario/Documentos/GitHub/IR2117/ros2_ws/src/ejemplos/sum/sum.cpp:6:41:[m[K [01;31m[Kerror: [m[Kâ€˜[01m[Kmsgs[m[Kâ€™ is not a member of â€˜[01m[Kstd[m[Kâ€™
[1.048s]     6 | std::shared_ptr< rclcpp::Publisher<std::[01;31m[Kmsgs[m[K::msg::Int32> > publisher;
[1.048s]       |                                         [01;31m[K^~~~[m[K
[1.048s] [01m[K/home/usuario/Documentos/GitHub/IR2117/ros2_ws/src/ejemplos/sum/sum.cpp:6:41:[m[K [01;31m[Kerror: [m[Kâ€˜[01m[Kmsgs[m[Kâ€™ is not a member of â€˜[01m[Kstd[m[Kâ€™
[1.048s] [01m[K/home/usuario/Documentos/GitHub/IR2117/ros2_ws/src/ejemplos/sum/sum.cpp:6:57:[m[K [01;31m[Kerror: [m[Ktemplate argument 1 is invalid
[1.048s]     6 | std::shared_ptr< rclcpp::Publisher<std::msgs::msg::Int32[01;31m[K>[m[K > publisher;
[1.048s]       |                                                         [01;31m[K^[m[K
[1.048s] [01m[K/home/usuario/Documentos/GitHub/IR2117/ros2_ws/src/ejemplos/sum/sum.cpp:6:59:[m[K [01;31m[Kerror: [m[Ktemplate argument 1 is invalid
[1.048s]     6 | std::shared_ptr< rclcpp::Publisher<std::msgs::msg::Int32> [01;31m[K>[m[K publisher;
[1.049s]       |                                                           [01;31m[K^[m[K
[1.051s] [01m[K/home/usuario/Documentos/GitHub/IR2117/ros2_ws/src/ejemplos/sum/sum.cpp:[m[K In function â€˜[01m[Kvoid topic_callback(std_msgs::msg::Int32_<std::allocator<void> >::SharedPtr)[m[Kâ€™:
[1.051s] [01m[K/home/usuario/Documentos/GitHub/IR2117/ros2_ws/src/ejemplos/sum/sum.cpp:11:8:[m[K [01;31m[Kerror: [m[Kâ€˜[01m[Kstd::msgs[m[Kâ€™ has not been declared
[1.051s]    11 |   std::[01;31m[Kmsgs[m[K::msg::Int32 message;
[1.051s]       |        [01;31m[K^~~~[m[K
[1.052s] [01m[K/home/usuario/Documentos/GitHub/IR2117/ros2_ws/src/ejemplos/sum/sum.cpp:12:3:[m[K [01;31m[Kerror: [m[Kâ€˜[01m[Kmessage[m[Kâ€™ was not declared in this scope
[1.052s]    12 |   [01;31m[Kmessage[m[K.data= sum;
[1.052s]       |   [01;31m[K^~~~~~~[m[K
[1.052s] [01m[K/home/usuario/Documentos/GitHub/IR2117/ros2_ws/src/ejemplos/sum/sum.cpp:13:12:[m[K [01;31m[Kerror: [m[Kbase operand of â€˜[01m[K->[m[Kâ€™ is not a pointer
[1.052s]    13 |   publisher[01;31m[K->[m[Kpublish(message);
[1.052s]       |            [01;31m[K^~[m[K
[1.063s] [01m[K/home/usuario/Documentos/GitHub/IR2117/ros2_ws/src/ejemplos/sum/sum.cpp:[m[K In function â€˜[01m[Kint main(int, char**)[m[Kâ€™:
[1.063s] [01m[K/home/usuario/Documentos/GitHub/IR2117/ros2_ws/src/ejemplos/sum/sum.cpp:22:50:[m[K [01;31m[Kerror: [m[Kâ€˜[01m[Kmsgs[m[Kâ€™ is not a member of â€˜[01m[Kstd[m[Kâ€™
[1.063s]    22 |   auto publisher = node -> create_publisher<std::[01;31m[Kmsgs[m[K::msg::Int32>("sum", 10);
[1.063s]       |                                                  [01;31m[K^~~~[m[K
[1.063s] [01m[K/home/usuario/Documentos/GitHub/IR2117/ros2_ws/src/ejemplos/sum/sum.cpp:22:50:[m[K [01;31m[Kerror: [m[Kâ€˜[01m[Kmsgs[m[Kâ€™ is not a member of â€˜[01m[Kstd[m[Kâ€™
[1.064s] [01m[K/home/usuario/Documentos/GitHub/IR2117/ros2_ws/src/ejemplos/sum/sum.cpp:22:28:[m[K [01;31m[Kerror: [m[Kparse error in template argument list
[1.064s]    22 |   auto publisher = node -> [01;31m[Kcreate_publisher<std::msgs::msg::Int32>[m[K("sum", 10);
[1.064s]       |                            [01;31m[K^~~~~~~~~~~~~~~~~~~~~~~~~~~~~~~~~~~~~~~[m[K
[1.064s] [01m[K/home/usuario/Documentos/GitHub/IR2117/ros2_ws/src/ejemplos/sum/sum.cpp:22:77:[m[K [01;31m[Kerror: [m[Kno matching function for call to â€˜[01m[Krclcpp::Node::create_publisher<<expression error> >(const char [4], int)[m[Kâ€™
[1.064s]    22 |   auto publisher = node -> create_publisher<std::msgs::msg::Int32>("sum", 10[01;31m[K)[m[K;
[1.064s]       |                                                                             [01;31m[K^[m[K
[1.064s] In file included from [01m[K/opt/ros/foxy/include/rclcpp/executors/single_threaded_executor.hpp:28[m[K,
[1.064s]                  from [01m[K/opt/ros/foxy/include/rclcpp/executors.hpp:22[m[K,
[1.064s]                  from [01m[K/opt/ros/foxy/include/rclcpp/rclcpp.hpp:146[m[K,
[1.064s]                  from [01m[K/home/usuario/Documentos/GitHub/IR2117/ros2_ws/src/ejemplos/sum/sum.cpp:1[m[K:
[1.064s] [01m[K/opt/ros/foxy/include/rclcpp/node.hpp:184:3:[m[K [01;36m[Knote: [m[Kcandidate: â€˜[01m[Ktemplate<class MessageT, class AllocatorT, class PublisherT> std::shared_ptr<PublisherT> rclcpp::Node::create_publisher(const string&, const rclcpp::QoS&, const rclcpp::PublisherOptionsWithAllocator<AllocatorT>&)[m[Kâ€™
[1.064s]   184 |   [01;36m[Kcreate_publisher[m[K(
[1.064s]       |   [01;36m[K^~~~~~~~~~~~~~~~[m[K
[1.064s] [01m[K/opt/ros/foxy/include/rclcpp/node.hpp:184:3:[m[K [01;36m[Knote: [m[K  template argument deduction/substitution failed:
[1.064s] [01m[K/home/usuario/Documentos/GitHub/IR2117/ros2_ws/src/ejemplos/sum/sum.cpp:22:77:[m[K [01;31m[Kerror: [m[Ktemplate argument 1 is invalid
[1.064s]    22 |   auto publisher = node -> create_publisher<std::msgs::msg::Int32>("sum", 10[01;31m[K)[m[K;
[1.064s]       |                                                                             [01;31m[K^[m[K
[2.273s] make[2]: *** [CMakeFiles/sum.dir/build.make:63: CMakeFiles/sum.dir/sum.cpp.o] Error 1
[2.273s] make[1]: *** [CMakeFiles/Makefile2:105: CMakeFiles/sum.dir/all] Error 2
[2.274s] make: *** [Makefile:141: all] Error 2
[2.275s] Invoked command in '/home/usuario/Documentos/GitHub/IR2117/ros2_ws/build/examples_sum' returned '2': CMAKE_PREFIX_PATH=${CMAKE_PREFIX_PATH}:/opt/ros/foxy /usr/bin/cmake --build /home/usuario/Documentos/GitHub/IR2117/ros2_ws/build/examples_sum -- -j6 -l6
