[0.043s] Invoking command in '/home/usuario/Documentos/GitHub/IR2117/tb3_ws/build/olympic': /usr/bin/cmake --build /home/usuario/Documentos/GitHub/IR2117/tb3_ws/build/olympic -- -j6 -l6
[0.160s] -- Found ament_cmake: 0.9.11 (/opt/ros/foxy/share/ament_cmake/cmake)
[0.184s] -- Using PYTHON_EXECUTABLE: /usr/bin/python3
[0.326s] Traceback (most recent call last):
[0.327s]   File "/opt/ros/foxy/share/ament_cmake_core/cmake/package_templates/templates_2_cmake.py", line 21, in <module>
[0.327s]     from ament_package.templates import get_environment_hook_template_path
[0.327s] ModuleNotFoundError: No module named 'ament_package'
[0.352s] CMake Error at /opt/ros/foxy/share/ament_cmake_core/cmake/ament_cmake_package_templates-extras.cmake:41 (message):
[0.352s]   execute_process(/usr/bin/python3
[0.352s]   /opt/ros/foxy/share/ament_cmake_core/cmake/package_templates/templates_2_cmake.py
[0.352s]   /home/usuario/Documentos/GitHub/IR2117/tb3_ws/build/olympic/ament_cmake_package_templates/templates.cmake)
[0.352s]   returned error code 1
[0.352s] Call Stack (most recent call first):
[0.352s]   /opt/ros/foxy/share/ament_cmake_core/cmake/ament_cmake_coreConfig.cmake:41 (include)
[0.352s]   /opt/ros/foxy/share/ament_cmake/cmake/ament_cmake_export_dependencies-extras.cmake:15 (find_package)
[0.352s]   /opt/ros/foxy/share/ament_cmake/cmake/ament_cmakeConfig.cmake:41 (include)
[0.352s]   CMakeLists.txt:19 (find_package)
[0.352s] 
[0.353s] 
[0.354s] -- Configuring incomplete, errors occurred!
[0.354s] See also "/home/usuario/Documentos/GitHub/IR2117/tb3_ws/build/olympic/CMakeFiles/CMakeOutput.log".
[0.354s] See also "/home/usuario/Documentos/GitHub/IR2117/tb3_ws/build/olympic/CMakeFiles/CMakeError.log".
[0.378s] make: *** [Makefile:310: cmake_check_build_system] Error 1
[0.384s] Invoked command in '/home/usuario/Documentos/GitHub/IR2117/tb3_ws/build/olympic' returned '2': /usr/bin/cmake --build /home/usuario/Documentos/GitHub/IR2117/tb3_ws/build/olympic -- -j6 -l6
