[0.032s] Invoking command in '/home/usuario/Documentos/GitHub/IR2117/ros2_ws/build/cpp_srvcli': CMAKE_PREFIX_PATH=/opt/ros/foxy /usr/bin/cmake --build /home/usuario/Documentos/GitHub/IR2117/ros2_ws/build/cpp_srvcli -- -j6 -l6
[0.060s] [35m[1mScanning dependencies of target rings[0m
[0.074s] [ 50%] Built target client
[0.075s] [ 66%] Built target server
[0.079s] [ 83%] [32mBuilding CXX object CMakeFiles/rings.dir/src/olympic_rings_client.cpp.o[0m
[1.025s] [01m[K/home/usuario/Documentos/GitHub/IR2117/ros2_ws/src/cpp_srvcli/src/olympic_rings_client.cpp:[m[K In function â€˜[01m[Kint main(int, char**)[m[Kâ€™:
[1.025s] [01m[K/home/usuario/Documentos/GitHub/IR2117/ros2_ws/src/cpp_srvcli/src/olympic_rings_client.cpp:14:52:[m[K [01;31m[Kerror: [m[Kâ€˜[01m[KTwist[m[Kâ€™ is not a member of â€˜[01m[Kstd_msgs::msg[m[Kâ€™; did you mean â€˜[01m[Kgeometry_msgs::msg::Twist[m[Kâ€™?
[1.025s]    14 |  auto move = node->create_publisher<std_msgs::msg::[01;31m[KTwist[m[K>("/turtle1/cmd_vel",10);
[1.025s]       |                                                    [01;31m[K^~~~~[m[K
[1.026s] In file included from [01m[K/opt/ros/foxy/include/geometry_msgs/msg/twist.hpp:7[m[K,
[1.026s]                  from [01m[K/home/usuario/Documentos/GitHub/IR2117/ros2_ws/src/cpp_srvcli/src/olympic_rings_client.cpp:4[m[K:
[1.026s] [01m[K/opt/ros/foxy/include/geometry_msgs/msg/detail/twist__struct.hpp:133:7:[m[K [01;36m[Knote: [m[Kâ€˜[01m[Kgeometry_msgs::msg::Twist[m[Kâ€™ declared here
[1.026s]   133 | using [01;36m[KTwist[m[K =
[1.026s]       |       [01;36m[K^~~~~[m[K
[1.026s] [01m[K/home/usuario/Documentos/GitHub/IR2117/ros2_ws/src/cpp_srvcli/src/olympic_rings_client.cpp:14:52:[m[K [01;31m[Kerror: [m[Kâ€˜[01m[KTwist[m[Kâ€™ is not a member of â€˜[01m[Kstd_msgs::msg[m[Kâ€™; did you mean â€˜[01m[Kgeometry_msgs::msg::Twist[m[Kâ€™?
[1.026s]    14 |  auto move = node->create_publisher<std_msgs::msg::[01;31m[KTwist[m[K>("/turtle1/cmd_vel",10);
[1.026s]       |                                                    [01;31m[K^~~~~[m[K
[1.026s] In file included from [01m[K/opt/ros/foxy/include/geometry_msgs/msg/twist.hpp:7[m[K,
[1.026s]                  from [01m[K/home/usuario/Documentos/GitHub/IR2117/ros2_ws/src/cpp_srvcli/src/olympic_rings_client.cpp:4[m[K:
[1.027s] [01m[K/opt/ros/foxy/include/geometry_msgs/msg/detail/twist__struct.hpp:133:7:[m[K [01;36m[Knote: [m[Kâ€˜[01m[Kgeometry_msgs::msg::Twist[m[Kâ€™ declared here
[1.027s]   133 | using [01;36m[KTwist[m[K =
[1.027s]       |       [01;36m[K^~~~~[m[K
[1.027s] [01m[K/home/usuario/Documentos/GitHub/IR2117/ros2_ws/src/cpp_srvcli/src/olympic_rings_client.cpp:14:80:[m[K [01;31m[Kerror: [m[Kno matching function for call to â€˜[01m[Krclcpp::Node::create_publisher<<expression error> >(const char [17], int)[m[Kâ€™
[1.027s]    14 | >create_publisher<std_msgs::msg::Twist>("/turtle1/cmd_vel",10[01;31m[K)[m[K;
[1.027s]       |                                                              [01;31m[K^[m[K
[1.027s] 
[1.027s] In file included from [01m[K/opt/ros/foxy/include/rclcpp/executors/single_threaded_executor.hpp:28[m[K,
[1.027s]                  from [01m[K/opt/ros/foxy/include/rclcpp/executors.hpp:22[m[K,
[1.027s]                  from [01m[K/opt/ros/foxy/include/rclcpp/rclcpp.hpp:146[m[K,
[1.027s]                  from [01m[K/home/usuario/Documentos/GitHub/IR2117/ros2_ws/src/cpp_srvcli/src/olympic_rings_client.cpp:1[m[K:
[1.027s] [01m[K/opt/ros/foxy/include/rclcpp/node.hpp:184:3:[m[K [01;36m[Knote: [m[Kcandidate: â€˜[01m[Ktemplate<class MessageT, class AllocatorT, class PublisherT> std::shared_ptr<PublisherT> rclcpp::Node::create_publisher(const string&, const rclcpp::QoS&, const rclcpp::PublisherOptionsWithAllocator<AllocatorT>&)[m[Kâ€™
[1.028s]   184 |   [01;36m[Kcreate_publisher[m[K(
[1.028s]       |   [01;36m[K^~~~~~~~~~~~~~~~[m[K
[1.028s] [01m[K/opt/ros/foxy/include/rclcpp/node.hpp:184:3:[m[K [01;36m[Knote: [m[K  template argument deduction/substitution failed:
[1.028s] [01m[K/home/usuario/Documentos/GitHub/IR2117/ros2_ws/src/cpp_srvcli/src/olympic_rings_client.cpp:14:80:[m[K [01;31m[Kerror: [m[Ktemplate argument 1 is invalid
[1.028s]    14 | >create_publisher<std_msgs::msg::Twist>("/turtle1/cmd_vel",10[01;31m[K)[m[K;
[1.028s]       |                                                              [01;31m[K^[m[K
[1.028s] 
[1.028s] [01m[K/home/usuario/Documentos/GitHub/IR2117/ros2_ws/src/cpp_srvcli/src/olympic_rings_client.cpp:16:56:[m[K [01;31m[Kerror: [m[Kâ€˜[01m[KSpawn[m[Kâ€™ is not a member of â€˜[01m[Kstd_msgs::msg[m[Kâ€™; did you mean â€˜[01m[Kturtlesim::srv::Spawn[m[Kâ€™?
[1.028s]    16 |  auto teleport = node->create_publisher<std_msgs::msg::[01;31m[KSpawn[m[K>("/turtle1/cmd_vel",10);
[1.028s]       |                                                        [01;31m[K^~~~~[m[K
[1.028s] In file included from [01m[K/opt/ros/foxy/include/turtlesim/srv/spawn.hpp:7[m[K,
[1.028s]                  from [01m[K/home/usuario/Documentos/GitHub/IR2117/ros2_ws/src/cpp_srvcli/src/olympic_rings_client.cpp:6[m[K:
[1.028s] [01m[K/opt/ros/foxy/include/turtlesim/srv/detail/spawn__struct.hpp:292:8:[m[K [01;36m[Knote: [m[Kâ€˜[01m[Kturtlesim::srv::Spawn[m[Kâ€™ declared here
[1.028s]   292 | struct [01;36m[KSpawn[m[K
[1.028s]       |        [01;36m[K^~~~~[m[K
[1.028s] [01m[K/home/usuario/Documentos/GitHub/IR2117/ros2_ws/src/cpp_srvcli/src/olympic_rings_client.cpp:16:56:[m[K [01;31m[Kerror: [m[Kâ€˜[01m[KSpawn[m[Kâ€™ is not a member of â€˜[01m[Kstd_msgs::msg[m[Kâ€™; did you mean â€˜[01m[Kturtlesim::srv::Spawn[m[Kâ€™?
[1.028s]    16 |  auto teleport = node->create_publisher<std_msgs::msg::[01;31m[KSpawn[m[K>("/turtle1/cmd_vel",10);
[1.028s]       |                                                        [01;31m[K^~~~~[m[K
[1.028s] In file included from [01m[K/opt/ros/foxy/include/turtlesim/srv/spawn.hpp:7[m[K,
[1.028s]                  from [01m[K/home/usuario/Documentos/GitHub/IR2117/ros2_ws/src/cpp_srvcli/src/olympic_rings_client.cpp:6[m[K:
[1.028s] [01m[K/opt/ros/foxy/include/turtlesim/srv/detail/spawn__struct.hpp:292:8:[m[K [01;36m[Knote: [m[Kâ€˜[01m[Kturtlesim::srv::Spawn[m[Kâ€™ declared here
[1.029s]   292 | struct [01;36m[KSpawn[m[K
[1.029s]       |        [01;36m[K^~~~~[m[K
[1.029s] [01m[K/home/usuario/Documentos/GitHub/IR2117/ros2_ws/src/cpp_srvcli/src/olympic_rings_client.cpp:16:84:[m[K [01;31m[Kerror: [m[Kno matching function for call to â€˜[01m[Krclcpp::Node::create_publisher<<expression error> >(const char [17], int)[m[Kâ€™
[1.029s]    16 | >create_publisher<std_msgs::msg::Spawn>("/turtle1/cmd_vel",10[01;31m[K)[m[K;
[1.029s]       |                                                              [01;31m[K^[m[K
[1.029s] 
[1.029s] In file included from [01m[K/opt/ros/foxy/include/rclcpp/executors/single_threaded_executor.hpp:28[m[K,
[1.029s]                  from [01m[K/opt/ros/foxy/include/rclcpp/executors.hpp:22[m[K,
[1.029s]                  from [01m[K/opt/ros/foxy/include/rclcpp/rclcpp.hpp:146[m[K,
[1.029s]                  from [01m[K/home/usuario/Documentos/GitHub/IR2117/ros2_ws/src/cpp_srvcli/src/olympic_rings_client.cpp:1[m[K:
[1.029s] [01m[K/opt/ros/foxy/include/rclcpp/node.hpp:184:3:[m[K [01;36m[Knote: [m[Kcandidate: â€˜[01m[Ktemplate<class MessageT, class AllocatorT, class PublisherT> std::shared_ptr<PublisherT> rclcpp::Node::create_publisher(const string&, const rclcpp::QoS&, const rclcpp::PublisherOptionsWithAllocator<AllocatorT>&)[m[Kâ€™
[1.029s]   184 |   [01;36m[Kcreate_publisher[m[K(
[1.029s]       |   [01;36m[K^~~~~~~~~~~~~~~~[m[K
[1.029s] [01m[K/opt/ros/foxy/include/rclcpp/node.hpp:184:3:[m[K [01;36m[Knote: [m[K  template argument deduction/substitution failed:
[1.029s] [01m[K/home/usuario/Documentos/GitHub/IR2117/ros2_ws/src/cpp_srvcli/src/olympic_rings_client.cpp:16:84:[m[K [01;31m[Kerror: [m[Ktemplate argument 1 is invalid
[1.029s]    16 | >create_publisher<std_msgs::msg::Spawn>("/turtle1/cmd_vel",10[01;31m[K)[m[K;
[1.029s]       |                                                              [01;31m[K^[m[K
[1.029s] 
[1.034s] [01m[K/home/usuario/Documentos/GitHub/IR2117/ros2_ws/src/cpp_srvcli/src/olympic_rings_client.cpp:17:7:[m[K [01;35m[Kwarning: [m[Kunused variable â€˜[01m[Kpublish_count[m[Kâ€™ [[01;35m[K-Wunused-variable[m[K]
[1.034s]    17 |  auto [01;35m[Kpublish_count[m[K=0;
[1.034s]       |       [01;35m[K^~~~~~~~~~~~~[m[K
[1.034s] [01m[K/home/usuario/Documentos/GitHub/IR2117/ros2_ws/src/cpp_srvcli/src/olympic_rings_client.cpp:23:9:[m[K [01;35m[Kwarning: [m[Kunused variable â€˜[01m[Ksquare_length[m[Kâ€™ [[01;35m[K-Wunused-variable[m[K]
[1.034s]    23 |  double [01;35m[Ksquare_length[m[K = node->get_parameter("radius").get_parameter_value().get<double>();
[1.034s]       |         [01;35m[K^~~~~~~~~~~~~[m[K
[1.318s] make[2]: *** [CMakeFiles/rings.dir/build.make:63: CMakeFiles/rings.dir/src/olympic_rings_client.cpp.o] Error 1
[1.319s] make[1]: *** [CMakeFiles/Makefile2:82: CMakeFiles/rings.dir/all] Error 2
[1.319s] make: *** [Makefile:141: all] Error 2
[1.321s] Invoked command in '/home/usuario/Documentos/GitHub/IR2117/ros2_ws/build/cpp_srvcli' returned '2': CMAKE_PREFIX_PATH=/opt/ros/foxy /usr/bin/cmake --build /home/usuario/Documentos/GitHub/IR2117/ros2_ws/build/cpp_srvcli -- -j6 -l6
