[ 25%] [32mBuilding CXX object CMakeFiles/parallel.dir/src/parallel.cpp.o[0m
[ 75%] Built target rings
[01m[K/home/usuario/Documentos/GitHub/IR2117/tb3_ws/src/olympic/src/parallel.cpp:[m[K In function â€˜[01m[Kint main(int, char**)[m[Kâ€™:
[01m[K/home/usuario/Documentos/GitHub/IR2117/tb3_ws/src/olympic/src/parallel.cpp:53:9:[m[K [01;31m[Kerror: [m[Kexpected â€˜[01m[K,[m[Kâ€™ or â€˜[01m[K;[m[Kâ€™ before â€˜[01m[Kstd[m[Kâ€™
   53 |         [01;31m[Kstd[m[K::vector<std::vector<int>> colors = {
      |         [01;31m[K^~~[m[K
[01m[K/home/usuario/Documentos/GitHub/IR2117/tb3_ws/src/olympic/src/parallel.cpp:72:13:[m[K [01;31m[Kerror: [m[Kâ€˜[01m[Krequest[m[Kâ€™ was not declared in this scope
   72 |             [01;31m[Krequest[m[K->x = pos[l][0];
      |             [01;31m[K^~~~~~~[m[K
[01m[K/home/usuario/Documentos/GitHub/IR2117/tb3_ws/src/olympic/src/parallel.cpp:76:33:[m[K [01;31m[Kerror: [m[Kâ€˜[01m[Kclient[m[Kâ€™ was not declared in this scope
   76 |             auto spawn_future = [01;31m[Kclient[m[K->async_send_request(spawn_request);
      |                                 [01;31m[K^~~~~~[m[K
[01m[K/home/usuario/Documentos/GitHub/IR2117/tb3_ws/src/olympic/src/parallel.cpp:79:30:[m[K [01;31m[Kerror: [m[Kâ€˜[01m[Kcolors[m[Kâ€™ was not declared in this scope
   79 |          setpen_request->r = [01;31m[Kcolors[m[K[l][0];
      |                              [01;31m[K^~~~~~[m[K
[01m[K/home/usuario/Documentos/GitHub/IR2117/tb3_ws/src/olympic/src/parallel.cpp:84:13:[m[K [01;31m[Kerror: [m[Kâ€˜[01m[Kset_pen_request[m[Kâ€™ was not declared in this scope; did you mean â€˜[01m[Ksetpen_request[m[Kâ€™?
   84 |             [01;31m[Kset_pen_request[m[K->turtle_name = names[l];
      |             [01;31m[K^~~~~~~~~~~~~~~[m[K
      |             [32m[Ksetpen_request[m[K
make[2]: *** [CMakeFiles/parallel.dir/build.make:63: CMakeFiles/parallel.dir/src/parallel.cpp.o] Error 1
make[1]: *** [CMakeFiles/Makefile2:80: CMakeFiles/parallel.dir/all] Error 2
make: *** [Makefile:141: all] Error 2
