[35m[1mScanning dependencies of target rings_action_server[0m
[ 50%] Built target rings_action_client
[ 66%] Built target rings
[ 83%] [32mBuilding CXX object CMakeFiles/rings_action_server.dir/src/rings_action_server.cpp.o[0m
[01m[K/home/usuario/Documentos/GitHub/IR2117/tb3_ws/src/olympic/src/rings_action_server.cpp:[m[K In function â€˜[01m[Kvoid execute(std::shared_ptr<rclcpp_action::ServerGoalHandle<olympic_interfaces::action::Rings> >)[m[Kâ€™:
[01m[K/home/usuario/Documentos/GitHub/IR2117/tb3_ws/src/olympic/src/rings_action_server.cpp:94:19:[m[K [01;31m[Kerror: [m[Kâ€˜[01m[Ki[m[Kâ€™ was not declared in this scope
   94 |       ring_number=[01;31m[Ki[m[K+1;
      |                   [01;31m[K^[m[K
[01m[K/home/usuario/Documentos/GitHub/IR2117/tb3_ws/src/olympic/src/rings_action_server.cpp:125:5:[m[K [01;31m[Kerror: [m[Kâ€˜[01m[Kring_anlge[m[Kâ€™ was not declared in this scope; did you mean â€˜[01m[Kring_angle[m[Kâ€™?
  125 |     [01;31m[Kring_anlge[m[K=180;
      |     [01;31m[K^~~~~~~~~~[m[K
      |     [32m[Kring_angle[m[K
[01m[K/home/usuario/Documentos/GitHub/IR2117/tb3_ws/src/olympic/src/rings_action_server.cpp:129:5:[m[K [01;31m[Kerror: [m[Kâ€˜[01m[Kring_anlge[m[Kâ€™ was not declared in this scope; did you mean â€˜[01m[Kring_angle[m[Kâ€™?
  129 |     [01;31m[Kring_anlge[m[K=360;
      |     [01;31m[K^~~~~~~~~~[m[K
      |     [32m[Kring_angle[m[K
make[2]: *** [CMakeFiles/rings_action_server.dir/build.make:63: CMakeFiles/rings_action_server.dir/src/rings_action_server.cpp.o] Error 1
make[1]: *** [CMakeFiles/Makefile2:109: CMakeFiles/rings_action_server.dir/all] Error 2
make: *** [Makefile:141: all] Error 2
