[0.035s] Invoking command in '/home/usuario/Documentos/GitHub/IR2117/tb3_ws/build/olympic': CMAKE_PREFIX_PATH=${CMAKE_PREFIX_PATH}:/opt/ros/foxy /usr/bin/cmake --build /home/usuario/Documentos/GitHub/IR2117/tb3_ws/build/olympic -- -j6 -l6
[0.068s] [35m[1mScanning dependencies of target rings[0m
[0.083s] [ 50%] [32mBuilding CXX object CMakeFiles/rings.dir/src/rings.cpp.o[0m
[1.105s] [01m[K/home/usuario/Documentos/GitHub/IR2117/tb3_ws/src/olympic/src/rings.cpp:[m[K In function â€˜[01m[Kint main(int, char**)[m[Kâ€™:
[1.105s] [01m[K/home/usuario/Documentos/GitHub/IR2117/tb3_ws/src/olympic/src/rings.cpp:60:10:[m[K [01;31m[Kerror: [m[Kâ€˜[01m[Ksetpen_request[m[Kâ€™ was not declared in this scope; did you mean â€˜[01m[Krmw_send_request[m[Kâ€™?
[1.106s]    60 |          [01;31m[Ksetpen_request[m[K->r = colors[l][0];
[1.106s]       |          [01;31m[K^~~~~~~~~~~~~~[m[K
[1.106s]       |          [32m[Krmw_send_request[m[K
[1.107s] [01m[K/home/usuario/Documentos/GitHub/IR2117/tb3_ws/src/olympic/src/rings.cpp:65:10:[m[K [01;31m[Kerror: [m[Kâ€˜[01m[Kfuture_setpen[m[Kâ€™ was not declared in this scope
[1.108s]    65 |          [01;31m[Kfuture_setpen[m[K = setpen->async_send_request(setpen_request);
[1.108s]       |          [01;31m[K^~~~~~~~~~~~~[m[K
[2.058s] make[2]: *** [CMakeFiles/rings.dir/build.make:63: CMakeFiles/rings.dir/src/rings.cpp.o] Error 1
[2.059s] make[1]: *** [CMakeFiles/Makefile2:78: CMakeFiles/rings.dir/all] Error 2
[2.059s] make: *** [Makefile:141: all] Error 2
[2.061s] Invoked command in '/home/usuario/Documentos/GitHub/IR2117/tb3_ws/build/olympic' returned '2': CMAKE_PREFIX_PATH=${CMAKE_PREFIX_PATH}:/opt/ros/foxy /usr/bin/cmake --build /home/usuario/Documentos/GitHub/IR2117/tb3_ws/build/olympic -- -j6 -l6
