-- Found ament_cmake: 0.9.11 (/opt/ros/foxy/share/ament_cmake/cmake)
-- Using PYTHON_EXECUTABLE: /usr/bin/python3
-- Found rclcpp: 2.4.2 (/opt/ros/foxy/share/rclcpp/cmake)
-- Using all available rosidl_typesupport_c: rosidl_typesupport_fastrtps_c;rosidl_typesupport_introspection_c
-- Found rosidl_adapter: 1.3.0 (/opt/ros/foxy/share/rosidl_adapter/cmake)
-- Using all available rosidl_typesupport_cpp: rosidl_typesupport_fastrtps_cpp;rosidl_typesupport_introspection_cpp
-- Found rmw_implementation_cmake: 1.0.3 (/opt/ros/foxy/share/rmw_implementation_cmake/cmake)
-- Using RMW implementation 'rmw_fastrtps_cpp' as default
-- Found example_interfaces: 0.9.1 (/opt/ros/foxy/share/example_interfaces/cmake)
-- Found geometry_msgs: 2.0.5 (/opt/ros/foxy/share/geometry_msgs/cmake)
-- Found ament_lint_auto: 0.9.7 (/opt/ros/foxy/share/ament_lint_auto/cmake)
-- Added test 'copyright' to check source files copyright and LICENSE
-- Added test 'cppcheck' to perform static code analysis on C / C++ code
-- Configured cppcheck include dirs: 
-- Configured cppcheck exclude dirs and/or files: 
-- Added test 'cpplint' to check C / C++ code against the Google style
-- Configured cpplint exclude dirs and/or files: 
-- Added test 'lint_cmake' to check CMake code style
-- Added test 'uncrustify' to check C / C++ code style
-- Configured uncrustify additional arguments: 
-- Added test 'xmllint' to check XML markup files
-- Configuring done
-- Generating done
-- Build files have been written to: /home/usuario/Documentos/GitHub/IR2117/ros2_ws/build/cpp_srvcli
[35m[1mScanning dependencies of target client[0m
[35m[1mScanning dependencies of target server[0m
[35m[1mScanning dependencies of target rings[0m
[ 16%] [32mBuilding CXX object CMakeFiles/client.dir/src/add_two_ints_client.cpp.o[0m
[ 33%] [32mBuilding CXX object CMakeFiles/server.dir/src/add_two_ints_server.cpp.o[0m
[ 50%] [32mBuilding CXX object CMakeFiles/rings.dir/src/olympic_rings_client.cpp.o[0m
[01m[K/home/usuario/Documentos/GitHub/IR2117/ros2_ws/src/cpp_srvcli/src/olympic_rings_client.cpp:[m[K In function â€˜[01m[Kint main(int, char**)[m[Kâ€™:
[01m[K/home/usuario/Documentos/GitHub/IR2117/ros2_ws/src/cpp_srvcli/src/olympic_rings_client.cpp:15:52:[m[K [01;31m[Kerror: [m[Kâ€˜[01m[KTwist[m[Kâ€™ is not a member of â€˜[01m[Kstd_msgs::msg[m[Kâ€™; did you mean â€˜[01m[Kgeometry_msgs::msg::Twist[m[Kâ€™?
   15 |  auto move = node->create_publisher<std_msgs::msg::[01;31m[KTwist[m[K>("/turtle1/cmd_vel",10);
      |                                                    [01;31m[K^~~~~[m[K
In file included from [01m[K/opt/ros/foxy/include/geometry_msgs/msg/twist.hpp:7[m[K,
                 from [01m[K/home/usuario/Documentos/GitHub/IR2117/ros2_ws/src/cpp_srvcli/src/olympic_rings_client.cpp:4[m[K:
[01m[K/opt/ros/foxy/include/geometry_msgs/msg/detail/twist__struct.hpp:133:7:[m[K [01;36m[Knote: [m[Kâ€˜[01m[Kgeometry_msgs::msg::Twist[m[Kâ€™ declared here
  133 | using [01;36m[KTwist[m[K =
      |       [01;36m[K^~~~~[m[K
[01m[K/home/usuario/Documentos/GitHub/IR2117/ros2_ws/src/cpp_srvcli/src/olympic_rings_client.cpp:15:52:[m[K [01;31m[Kerror: [m[Kâ€˜[01m[KTwist[m[Kâ€™ is not a member of â€˜[01m[Kstd_msgs::msg[m[Kâ€™; did you mean â€˜[01m[Kgeometry_msgs::msg::Twist[m[Kâ€™?
   15 |  auto move = node->create_publisher<std_msgs::msg::[01;31m[KTwist[m[K>("/turtle1/cmd_vel",10);
      |                                                    [01;31m[K^~~~~[m[K
In file included from [01m[K/opt/ros/foxy/include/geometry_msgs/msg/twist.hpp:7[m[K,
                 from [01m[K/home/usuario/Documentos/GitHub/IR2117/ros2_ws/src/cpp_srvcli/src/olympic_rings_client.cpp:4[m[K:
[01m[K/opt/ros/foxy/include/geometry_msgs/msg/detail/twist__struct.hpp:133:7:[m[K [01;36m[Knote: [m[Kâ€˜[01m[Kgeometry_msgs::msg::Twist[m[Kâ€™ declared here
  133 | using [01;36m[KTwist[m[K =
      |       [01;36m[K^~~~~[m[K
[01m[K/home/usuario/Documentos/GitHub/IR2117/ros2_ws/src/cpp_srvcli/src/olympic_rings_client.cpp:15:80:[m[K [01;31m[Kerror: [m[Kno matching function for call to â€˜[01m[Krclcpp::Node::create_publisher<<expression error> >(const char [17], int)[m[Kâ€™
   15 | >create_publisher<std_msgs::msg::Twist>("/turtle1/cmd_vel",10[01;31m[K)[m[K;
      |                                                              [01;31m[K^[m[K

In file included from [01m[K/opt/ros/foxy/include/rclcpp/executors/single_threaded_executor.hpp:28[m[K,
                 from [01m[K/opt/ros/foxy/include/rclcpp/executors.hpp:22[m[K,
                 from [01m[K/opt/ros/foxy/include/rclcpp/rclcpp.hpp:146[m[K,
                 from [01m[K/home/usuario/Documentos/GitHub/IR2117/ros2_ws/src/cpp_srvcli/src/olympic_rings_client.cpp:1[m[K:
[01m[K/opt/ros/foxy/include/rclcpp/node.hpp:184:3:[m[K [01;36m[Knote: [m[Kcandidate: â€˜[01m[Ktemplate<class MessageT, class AllocatorT, class PublisherT> std::shared_ptr<PublisherT> rclcpp::Node::create_publisher(const string&, const rclcpp::QoS&, const rclcpp::PublisherOptionsWithAllocator<AllocatorT>&)[m[Kâ€™
  184 |   [01;36m[Kcreate_publisher[m[K(
      |   [01;36m[K^~~~~~~~~~~~~~~~[m[K
[01m[K/opt/ros/foxy/include/rclcpp/node.hpp:184:3:[m[K [01;36m[Knote: [m[K  template argument deduction/substitution failed:
[01m[K/home/usuario/Documentos/GitHub/IR2117/ros2_ws/src/cpp_srvcli/src/olympic_rings_client.cpp:15:80:[m[K [01;31m[Kerror: [m[Ktemplate argument 1 is invalid
   15 | >create_publisher<std_msgs::msg::Twist>("/turtle1/cmd_vel",10[01;31m[K)[m[K;
      |                                                              [01;31m[K^[m[K

[01m[K/home/usuario/Documentos/GitHub/IR2117/ros2_ws/src/cpp_srvcli/src/olympic_rings_client.cpp:18:10:[m[K [01;31m[Kerror: [m[Kâ€˜[01m[Kteleport_service[m[Kâ€™ was not declared in this scope
   18 |  while (![01;31m[Kteleport_service[m[K->wait_for_service(std::chrono::seconds(1))) {
      |          [01;31m[K^~~~~~~~~~~~~~~~[m[K
[01m[K/home/usuario/Documentos/GitHub/IR2117/ros2_ws/src/cpp_srvcli/src/olympic_rings_client.cpp:51:67:[m[K [01;31m[Kerror: [m[Kâ€˜[01m[Kradius[m[Kâ€™ was not declared in this scope
   51 |    std::vector<std::vector<int>> pos = {{2.25,7.75}, {2.25+2*[01;31m[Kradius[m[K+0.5,7.75},{2.25+4*radius+1,7.75},{2.25+radius, 3.25}, {2.25+2*radius,3.25}};
      |                                                              [01;31m[K^~~~~~[m[K

[01m[K/home/usuario/Documentos/GitHub/IR2117/ros2_ws/src/cpp_srvcli/src/olympic_rings_client.cpp:51:148:[m[K [01;31m[Kerror: [m[Kcould not convert â€˜[01m[K{{2.25e+0, 7.75e+0}, {<expression error>, 7.75e+0}, {<expression error>, 7.75e+0}, {<expression error>, 3.25e+0}, {<expression error>, 3.25e+0}}[m[Kâ€™ from â€˜[01m[K<brace-enclosed initializer list>[m[Kâ€™ to â€˜[01m[Kstd::vector<std::vector<int> >[m[Kâ€™
   51 | 25+4*radius+1,7.75},{2.25+radius, 3.25}, {2.25+2*radius,3.25}[01;31m[K}[m[K;
      |                                                              [01;31m[K^[m[K
      |                                                              [01;31m[K|[m[K
      |                                                              [01;31m[K<brace-enclosed initializer list>[m[K

[01m[K/home/usuario/Documentos/GitHub/IR2117/ros2_ws/src/cpp_srvcli/src/olympic_rings_client.cpp:59:33:[m[K [01;31m[Kerror: [m[Kâ€˜[01m[Kteleport_service[m[Kâ€™ was not declared in this scope
   59 |          auto future_teleport = [01;31m[Kteleport_service[m[K->async_send_request(request);
      |                                 [01;31m[K^~~~~~~~~~~~~~~~[m[K
[01m[K/home/usuario/Documentos/GitHub/IR2117/ros2_ws/src/cpp_srvcli/src/olympic_rings_client.cpp:61:10:[m[K [01;31m[Kerror: [m[Kâ€˜[01m[Kset_pen_request[m[Kâ€™ was not declared in this scope; did you mean â€˜[01m[Ksetpen_request[m[Kâ€™?
   61 |          [01;31m[Kset_pen_request[m[K->r = colors[l][0];
      |          [01;31m[K^~~~~~~~~~~~~~~[m[K
      |          [32m[Ksetpen_request[m[K
[01m[K/home/usuario/Documentos/GitHub/IR2117/ros2_ws/src/cpp_srvcli/src/olympic_rings_client.cpp:77:8:[m[K [01;31m[Kerror: [m[Kconflicting declaration â€˜[01m[Kauto setpen_request[m[Kâ€™
   77 |   auto [01;31m[Ksetpen_request[m[K = std::make_shared<turtlesim::srv::SetPen::Request>();
      |        [01;31m[K^~~~~~~~~~~~~~[m[K
[01m[K/home/usuario/Documentos/GitHub/IR2117/ros2_ws/src/cpp_srvcli/src/olympic_rings_client.cpp:60:15:[m[K [01;36m[Knote: [m[Kprevious declaration as â€˜[01m[Kstd::shared_ptr<turtlesim::srv::SetPen_Request_<std::allocator<void> > > setpen_request[m[Kâ€™
   60 |          auto [01;36m[Ksetpen_request[m[K = std::make_shared<turtlesim::srv::SetPen::Request>();
      |               [01;36m[K^~~~~~~~~~~~~~[m[K
[01m[K/home/usuario/Documentos/GitHub/IR2117/ros2_ws/src/cpp_srvcli/src/olympic_rings_client.cpp:41:9:[m[K [01;35m[Kwarning: [m[Kunused variable â€˜[01m[Ksquare_length[m[Kâ€™ [[01;35m[K-Wunused-variable[m[K]
   41 |  double [01;35m[Ksquare_length[m[K = node->get_parameter("radius").get_parameter_value().get<double>();
      |         [01;35m[K^~~~~~~~~~~~~[m[K
make[2]: *** [CMakeFiles/rings.dir/build.make:63: CMakeFiles/rings.dir/src/olympic_rings_client.cpp.o] Error 1
make[1]: *** [CMakeFiles/Makefile2:82: CMakeFiles/rings.dir/all] Error 2
make[1]: *** Se espera a que terminen otras tareas....
[ 66%] [32m[1mLinking CXX executable server[0m
[ 66%] Built target server
[ 83%] [32m[1mLinking CXX executable client[0m
[ 83%] Built target client
make: *** [Makefile:141: all] Error 2
